<?xml version="1.0" encoding="UTF-8"?>
<!-- Generated by org.testng.reporters.JUnitReportReporter -->
<testsuite skipped="0" hostname="DESKTOP-PQILN7A" name="base.TestBase" tests="1" failures="0" timestamp="04 Apr 2018 19:30:38 GMT" time="0.047" errors="0">
  <testcase name="test" time="0.047" classname="base.TestBase"/>
</testsuite> <!-- base.TestBase -->
